0 info it worked if it ends with ok
1 verbose cli [ '/home/theadedmonkey/.nvm/versions/node/v5.7.0/bin/node',
1 verbose cli   '/home/theadedmonkey/.nvm/versions/node/v5.7.0/bin/npm',
1 verbose cli   'run',
1 verbose cli   'test-watch' ]
2 info using npm@3.6.0
3 info using node@v5.7.0
4 verbose run-script [ 'pretest-watch', 'test-watch', 'posttest-watch' ]
5 info lifecycle meteor-dialogs@~pretest-watch: meteor-dialogs@
6 silly lifecycle meteor-dialogs@~pretest-watch: no script for pretest-watch, continuing
7 info lifecycle meteor-dialogs@~test-watch: meteor-dialogs@
8 verbose lifecycle meteor-dialogs@~test-watch: unsafe-perm in lifecycle true
9 verbose lifecycle meteor-dialogs@~test-watch: PATH: /home/theadedmonkey/.nvm/versions/node/v5.7.0/lib/node_modules/npm/bin/node-gyp-bin:/home/theadedmonkey/Code/projects/hispire/pinteor/node_modules/.bin:/home/theadedmonkey/.nvm/versions/node/v5.7.0/bin:/usr/local/sbin:/usr/local/bin:/usr/sbin:/usr/bin:/sbin:/bin:/usr/games:/usr/local/games:/home/theadedmonkey/.cabal/bin
10 verbose lifecycle meteor-dialogs@~test-watch: CWD: /home/theadedmonkey/Code/projects/hispire/pinteor
11 silly lifecycle meteor-dialogs@~test-watch: Args: [ '-c',
11 silly lifecycle   'meteor test --driver-package practicalmeteor:mocha --port 3100' ]
12 silly lifecycle meteor-dialogs@~test-watch: Returned: code: 254  signal: null
13 info lifecycle meteor-dialogs@~test-watch: Failed to exec test-watch script
14 verbose stack Error: meteor-dialogs@ test-watch: `meteor test --driver-package practicalmeteor:mocha --port 3100`
14 verbose stack Exit status 254
14 verbose stack     at EventEmitter.<anonymous> (/home/theadedmonkey/.nvm/versions/node/v5.7.0/lib/node_modules/npm/lib/utils/lifecycle.js:232:16)
14 verbose stack     at emitTwo (events.js:100:13)
14 verbose stack     at EventEmitter.emit (events.js:185:7)
14 verbose stack     at ChildProcess.<anonymous> (/home/theadedmonkey/.nvm/versions/node/v5.7.0/lib/node_modules/npm/lib/utils/spawn.js:24:14)
14 verbose stack     at emitTwo (events.js:100:13)
14 verbose stack     at ChildProcess.emit (events.js:185:7)
14 verbose stack     at maybeClose (internal/child_process.js:827:16)
14 verbose stack     at Process.ChildProcess._handle.onexit (internal/child_process.js:211:5)
15 verbose pkgid meteor-dialogs@
16 verbose cwd /home/theadedmonkey/Code/projects/hispire/pinteor
17 error Linux 4.2.0-35-generic
18 error argv "/home/theadedmonkey/.nvm/versions/node/v5.7.0/bin/node" "/home/theadedmonkey/.nvm/versions/node/v5.7.0/bin/npm" "run" "test-watch"
19 error node v5.7.0
20 error npm  v3.6.0
21 error code ELIFECYCLE
22 error meteor-dialogs@ test-watch: `meteor test --driver-package practicalmeteor:mocha --port 3100`
22 error Exit status 254
23 error Failed at the meteor-dialogs@ test-watch script 'meteor test --driver-package practicalmeteor:mocha --port 3100'.
23 error Make sure you have the latest version of node.js and npm installed.
23 error If you do, this is most likely a problem with the meteor-dialogs package,
23 error not with npm itself.
23 error Tell the author that this fails on your system:
23 error     meteor test --driver-package practicalmeteor:mocha --port 3100
23 error You can get information on how to open an issue for this project with:
23 error     npm bugs meteor-dialogs
23 error Or if that isn't available, you can get their info via:
23 error     npm owner ls meteor-dialogs
23 error There is likely additional logging output above.
24 verbose exit [ 1, true ]
